SH SERIES C/C++ Compiler (Ver. 6.0C)                                                                 19-May-2024 20:31:49  PAGE    1

************ OBJECT LISTING ************

FILE NAME: D:\programing\projects\casio\SN\funcs.c

SCT OFFSET   CODE       C LABEL     INSTRUCTION OPERAND    COMMENT

         funcs.c     1    #define FONT_WIDTH 5
         funcs.c     2    #define FONT_GAP 1
         funcs.c     3    #define FONT_HEIGHT 6
         funcs.c     4    
         funcs.c     5    #include <stdio.h>
         funcs.c     6    #include <stdlib.h>
         funcs.c     7    #include <math.h>
         funcs.c     8    #include <string.h>
         funcs.c     9    
         funcs.c    10    #include "fxlib.h"
         funcs.c    11    #include "MonochromeLib.h"
         funcs.c    12    #include "syscall.h"
         funcs.c    13    
         funcs.c    14    extern int time() {
P   00000000              _time:                           ; function: time
                                                           ; frame size=0
         funcs.c    15        return RTC_GetTicks();
    00000000 D37A                   MOV.L       L545,R3    ; _RTC_GetTicks
    00000002 432B                   JMP         @R3
    00000004 0009                   NOP
         funcs.c    16    }
         funcs.c    17    
         funcs.c    18    extern int intlen(int n) {
    00000006              _intlen:                         ; function: intlen
                                                           ; frame size=28
                                                           ; used runtime library name:
                                                           ; __dtoi, __itod
         funcs.c    19        return n > 0 ? ((int) log10(n)) + 1 : 1;
    00000006 6343                   MOV         R4,R3
    00000008 4F22                   STS.L       PR,@-R15
    0000000A 4315                   CMP/PL      R3
    0000000C 7FFC                   ADD         #-4,R15
    0000000E 2F42                   MOV.L       R4,@R15
    00000010 8B11                   BF          L525
    00000012 7FF8                   ADD         #-8,R15
    00000014 D276                   MOV.L       L545+4,R2  ; __itod
    00000016 50F2                   MOV.L       @(8,R15),R0
    00000018 7FF8                   ADD         #-8,R15
    0000001A 420B                   JSR         @R2
    0000001C 2FF6                   MOV.L       R15,@-R15
    0000001E E308                   MOV         #8,R3
    00000020 D174                   MOV.L       L545+8,R1  ; _log10
    00000022 33FC                   ADD         R15,R3
    00000024 410B                   JSR         @R1
    00000026 2F36                   MOV.L       R3,@-R15
    00000028 D373                   MOV.L       L545+12,R3 ; __dtoi
    0000002A 430B                   JSR         @R3
    0000002C 7F0C                   ADD         #12,R15
    0000002E 7F04                   ADD         #4,R15
    00000030 4F26                   LDS.L       @R15+,PR
    00000032 000B                   RTS
    00000034 7001                   ADD         #1,R0
    00000036              L525:                             
    00000036 E001                   MOV         #1,R0




SH SERIES C/C++ Compiler (Ver. 6.0C)                                                                 19-May-2024 20:31:49  PAGE    2


SCT OFFSET   CODE       C LABEL     INSTRUCTION OPERAND    COMMENT

         funcs.c    20    }
    00000038              L527:                             
    00000038 7F04                   ADD         #4,R15
    0000003A 4F26                   LDS.L       @R15+,PR
    0000003C 000B                   RTS
    0000003E 0009                   NOP
         funcs.c    21    extern char* int2str(int n) {
    00000040              _int2str:                        ; function: int2str
                                                           ; frame size=16
                                                           ; used runtime library name:
                                                           ; __divls, __modls
    00000040 2FE6                   MOV.L       R14,@-R15
    00000042 2FD6                   MOV.L       R13,@-R15
    00000044 2FC6                   MOV.L       R12,@-R15
    00000046 4F22                   STS.L       PR,@-R15
         funcs.c    22        char *s = calloc(intlen(n) + 1, sizeof(char));
    00000048 BFDD                   BSR         _intlen
    0000004A 6D43                   MOV         R4,R13
    0000004C D26B                   MOV.L       L545+16,R2 ; _calloc
    0000004E 6403                   MOV         R0,R4
    00000050 7401                   ADD         #1,R4
    00000052 420B                   JSR         @R2
    00000054 E501                   MOV         #1,R5
    00000056 6E03                   MOV         R0,R14
         funcs.c    23        int i, j, sign;
         funcs.c    24        char c;
         funcs.c    25    
         funcs.c    26        if ((sign = n) < 0)
    00000058 4D11                   CMP/PZ      R13
    0000005A 8D01                   BT/S        L528
    0000005C 66D3                   MOV         R13,R6
         funcs.c    27            n = - n;
    0000005E 6DDB                   NEG         R13,R13
    00000060              L528:                             
         funcs.c    28        i = 0;
    00000060 EC00                   MOV         #0,R12
    00000062 65C3                   MOV         R12,R5
    00000064 E40A                   MOV         #10,R4
         funcs.c    29        do {
    00000066              L529:                             
         funcs.c    30            s[i ++] = n % 10 + '0';
    00000066 6253                   MOV         R5,R2
    00000068 D365                   MOV.L       L545+20,R3 ; __modls
    0000006A 61D3                   MOV         R13,R1
    0000006C 7501                   ADD         #1,R5
    0000006E 32EC                   ADD         R14,R2
    00000070 430B                   JSR         @R3
    00000072 6043                   MOV         R4,R0
    00000074 7030                   ADD         #48,R0
    00000076 2200                   MOV.B       R0,@R2
         funcs.c    31        } while ((n /= 10) > 0);
    00000078 D262                   MOV.L       L545+24,R2 ; __divls
    0000007A 6043                   MOV         R4,R0
    0000007C 420B                   JSR         @R2
    0000007E 61D3                   MOV         R13,R1
    00000080 4015                   CMP/PL      R0
    00000082 8DF0                   BT/S        L529




SH SERIES C/C++ Compiler (Ver. 6.0C)                                                                 19-May-2024 20:31:49  PAGE    3


SCT OFFSET   CODE       C LABEL     INSTRUCTION OPERAND    COMMENT

    00000084 6D03                   MOV         R0,R13
         funcs.c    32        if (sign < 0)
    00000086 4611                   CMP/PZ      R6
    00000088 8903                   BT          L530
         funcs.c    33            s[i ++] = '-';
    0000008A 6053                   MOV         R5,R0
    0000008C 7501                   ADD         #1,R5
    0000008E E32D                   MOV         #45,R3
    00000090 0E34                   MOV.B       R3,@(R0,R14)
    00000092              L530:                             
         funcs.c    34        s[i] = '\0';
    00000092 6053                   MOV         R5,R0
         funcs.c    35        for (i = 0, j = strlen(s) - 1; i < j; i ++, j --) {
    00000094 D25C                   MOV.L       L545+28,R2 ; _strlen
    00000096 6DC3                   MOV         R12,R13
    00000098 0EC4                   MOV.B       R12,@(R0,R14)
    0000009A 420B                   JSR         @R2
    0000009C 64E3                   MOV         R14,R4
    0000009E 6403                   MOV         R0,R4
    000000A0 74FF                   ADD         #-1,R4
    000000A2 4415                   CMP/PL      R4
    000000A4 8B0B                   BF          L531
    000000A6              L532:                             
         funcs.c    36            c = s[i];
    000000A6 65D3                   MOV         R13,R5
    000000A8 35EC                   ADD         R14,R5
         funcs.c    37            s[i] = s[j];
    000000AA 6643                   MOV         R4,R6
    000000AC 6750                   MOV.B       @R5,R7
    000000AE 7D01                   ADD         #1,R13
    000000B0 36EC                   ADD         R14,R6
    000000B2 74FF                   ADD         #-1,R4
    000000B4 6260                   MOV.B       @R6,R2
    000000B6 3D43                   CMP/GE      R4,R13
    000000B8 2520                   MOV.B       R2,@R5
    000000BA 8FF4                   BF/S        L532
         funcs.c    38            s[j] = c;
    000000BC 2670                   MOV.B       R7,@R6
    000000BE              L531:                             
         funcs.c    39        }
         funcs.c    40    
         funcs.c    41        return s;
    000000BE 60E3                   MOV         R14,R0
         funcs.c    42    }
    000000C0 4F26                   LDS.L       @R15+,PR
    000000C2 6CF6                   MOV.L       @R15+,R12
    000000C4 6DF6                   MOV.L       @R15+,R13
    000000C6 000B                   RTS
    000000C8 6EF6                   MOV.L       @R15+,R14
         funcs.c    43    extern char* strcon(char *a, char *b) {
    000000CA              _strcon:                         ; function: strcon
                                                           ; frame size=20
    000000CA 2FE6                   MOV.L       R14,@-R15
    000000CC 2F86                   MOV.L       R8,@-R15
    000000CE 4F22                   STS.L       PR,@-R15
         funcs.c    44        char *s = calloc(strlen(a) + strlen(b) + 1, sizeof(char));
    000000D0 D34D                   MOV.L       L545+28,R3 ; _strlen




SH SERIES C/C++ Compiler (Ver. 6.0C)                                                                 19-May-2024 20:31:49  PAGE    4


SCT OFFSET   CODE       C LABEL     INSTRUCTION OPERAND    COMMENT

    000000D2 7FF8                   ADD         #-8,R15
    000000D4 1F41                   MOV.L       R4,@(4,R15)
    000000D6 2F52                   MOV.L       R5,@R15
    000000D8 430B                   JSR         @R3
    000000DA 54F1                   MOV.L       @(4,R15),R4
    000000DC D34A                   MOV.L       L545+28,R3 ; _strlen
    000000DE 6803                   MOV         R0,R8
    000000E0 430B                   JSR         @R3
    000000E2 64F2                   MOV.L       @R15,R4
    000000E4 D345                   MOV.L       L545+16,R3 ; _calloc
    000000E6 380C                   ADD         R0,R8
    000000E8 6483                   MOV         R8,R4
    000000EA 7401                   ADD         #1,R4
    000000EC 430B                   JSR         @R3
    000000EE E501                   MOV         #1,R5
         funcs.c    45        strcat(s, a);
    000000F0 55F1                   MOV.L       @(4,R15),R5
    000000F2 6E03                   MOV         R0,R14
    000000F4 D345                   MOV.L       L545+32,R3 ; _strcat
    000000F6 430B                   JSR         @R3
    000000F8 64E3                   MOV         R14,R4
         funcs.c    46        strcat(s, b);
    000000FA 65F2                   MOV.L       @R15,R5
    000000FC D343                   MOV.L       L545+32,R3 ; _strcat
    000000FE 430B                   JSR         @R3
    00000100 64E3                   MOV         R14,R4
         funcs.c    47        return s;
    00000102 60E3                   MOV         R14,R0
         funcs.c    48    }
    00000104 7F08                   ADD         #8,R15
    00000106 4F26                   LDS.L       @R15+,PR
    00000108 68F6                   MOV.L       @R15+,R8
    0000010A 000B                   RTS
    0000010C 6EF6                   MOV.L       @R15+,R14
         funcs.c    49    extern double randraw() {
    0000010E              _randraw:                        ; function: randraw
                                                           ; frame size=24
                                                           ; used runtime library name:
                                                           ; __divdr, __itod
    0000010E 4F22                   STS.L       PR,@-R15
         funcs.c    50        srand(time(0));
    00000110 BF76                   BSR         _time
    00000112 E400                   MOV         #0,R4
    00000114 D23E                   MOV.L       L545+36,R2 ; _srand
    00000116 420B                   JSR         @R2
    00000118 6403                   MOV         R0,R4
         funcs.c    51        return ((double) rand()) / RAND_MAX;
    0000011A D33E                   MOV.L       L545+40,R3 ; _rand
    0000011C 430B                   JSR         @R3
    0000011E 0009                   NOP
    00000120 D233                   MOV.L       L545+4,R2  ; __itod
    00000122 7FF8                   ADD         #-8,R15
    00000124 420B                   JSR         @R2
    00000126 2FF6                   MOV.L       R15,@-R15
    00000128 D23C                   MOV.L       L545+48,R2 ; __divdr
    0000012A E300                   MOV         #0,R3
    0000012C 2F36                   MOV.L       R3,@-R15




SH SERIES C/C++ Compiler (Ver. 6.0C)                                                                 19-May-2024 20:31:49  PAGE    5


SCT OFFSET   CODE       C LABEL     INSTRUCTION OPERAND    COMMENT

    0000012E D33A                   MOV.L       L545+44,R3 ; H'40DFFFC0
    00000130 2F36                   MOV.L       R3,@-R15
    00000132 51F5                   MOV.L       @(20,R15),R1
    00000134 420B                   JSR         @R2
    00000136 2F16                   MOV.L       R1,@-R15
         funcs.c    52    }
    00000138 4F26                   LDS.L       @R15+,PR
    0000013A 000B                   RTS
    0000013C 0009                   NOP
         funcs.c    53    extern int randint(int a, int b) {
    0000013E              _randint:                        ; function: randint
                                                           ; frame size=12
                                                           ; used runtime library name:
                                                           ; __modls
    0000013E 4F22                   STS.L       PR,@-R15
    00000140 7FF8                   ADD         #-8,R15
    00000142 2F42                   MOV.L       R4,@R15
    00000144 1F51                   MOV.L       R5,@(4,R15)
         funcs.c    54        srand(time(0));
    00000146 BF5B                   BSR         _time
    00000148 E400                   MOV         #0,R4
    0000014A D231                   MOV.L       L545+36,R2 ; _srand
    0000014C 420B                   JSR         @R2
    0000014E 6403                   MOV         R0,R4
         funcs.c    55        return a + rand() % (b - a + 1);
    00000150 D330                   MOV.L       L545+40,R3 ; _rand
    00000152 430B                   JSR         @R3
    00000154 0009                   NOP
    00000156 6103                   MOV         R0,R1
    00000158 63F2                   MOV.L       @R15,R3
    0000015A 52F1                   MOV.L       @(4,R15),R2
    0000015C 3238                   SUB         R3,R2
    0000015E 7201                   ADD         #1,R2
    00000160 6023                   MOV         R2,R0
    00000162 D227                   MOV.L       L545+20,R2 ; __modls
    00000164 420B                   JSR         @R2
    00000166 0009                   NOP
    00000168 61F2                   MOV.L       @R15,R1
         funcs.c    56    }
    0000016A 7F08                   ADD         #8,R15
    0000016C 4F26                   LDS.L       @R15+,PR
    0000016E 000B                   RTS
    00000170 301C                   ADD         R1,R0
         funcs.c    57    
         funcs.c    58    extern void PrintLocated(int x, int y, char *s, int type) {
    00000172              _PrintLocated:                   ; function: PrintLocated
                                                           ; frame size=24
    00000172 2FE6                   MOV.L       R14,@-R15
    00000174 4F22                   STS.L       PR,@-R15
    00000176 7FF0                   ADD         #-16,R15
         funcs.c    59        int len = strlen(s);
    00000178 D323                   MOV.L       L545+28,R3 ; _strlen
    0000017A 1F42                   MOV.L       R4,@(8,R15)
    0000017C 1F53                   MOV.L       R5,@(12,R15)
    0000017E 2F62                   MOV.L       R6,@R15
    00000180 1F71                   MOV.L       R7,@(4,R15)
    00000182 430B                   JSR         @R3




SH SERIES C/C++ Compiler (Ver. 6.0C)                                                                 19-May-2024 20:31:49  PAGE    6


SCT OFFSET   CODE       C LABEL     INSTRUCTION OPERAND    COMMENT

    00000184 64F2                   MOV.L       @R15,R4
    00000186 6E03                   MOV         R0,R14
         funcs.c    60        PrintXY(x - len * FONT_WIDTH / 2 - (len - 1) * FONT_GAP, y - FONT_HEIGHT / 2, s, type);
    00000188 57F1                   MOV.L       @(4,R15),R7
    0000018A 63E3                   MOV         R14,R3
    0000018C 54F2                   MOV.L       @(8,R15),R4
    0000018E 62E3                   MOV         R14,R2
    00000190 66F2                   MOV.L       @R15,R6
    00000192 4308                   SHLL2       R3
    00000194 55F3                   MOV.L       @(12,R15),R5
    00000196 332C                   ADD         R2,R3
    00000198 75FD                   ADD         #-3,R5
    0000019A E200                   MOV         #0,R2
    0000019C 3237                   CMP/GT      R3,R2
    0000019E 332E                   ADDC        R2,R3
    000001A0 4321                   SHAR        R3
    000001A2 3438                   SUB         R3,R4
    000001A4 D31E                   MOV.L       L545+52,R3 ; _PrintXY
    000001A6 34E8                   SUB         R14,R4
    000001A8 7401                   ADD         #1,R4
    000001AA 7F10                   ADD         #16,R15
    000001AC 4F26                   LDS.L       @R15+,PR
    000001AE 432B                   JMP         @R3
    000001B0 6EF6                   MOV.L       @R15+,R14
         funcs.c    61    }
         funcs.c    62    extern void WaitAnyKey() {
    000001B2              _WaitAnyKey:                     ; function: WaitAnyKey
                                                           ; frame size=12
    000001B2 2FE6                   MOV.L       R14,@-R15
    000001B4 4F22                   STS.L       PR,@-R15
    000001B6 7FFC                   ADD         #-4,R15
    000001B8 DE1A                   MOV.L       L545+56,R14; _GetKey
         funcs.c    63        unsigned int keygot;
         funcs.c    64        while (1)
    000001BA              L538:                             
         funcs.c    65            if (GetKey(&keygot))
    000001BA 4E0B                   JSR         @R14
    000001BC 64F3                   MOV         R15,R4
    000001BE 2008                   TST         R0,R0
    000001C0 89FB                   BT          L538
         funcs.c    66                break;
         funcs.c    67    }
    000001C2 7F04                   ADD         #4,R15
    000001C4 4F26                   LDS.L       @R15+,PR
    000001C6 000B                   RTS
    000001C8 6EF6                   MOV.L       @R15+,R14
         funcs.c    68    extern void WaitKey(unsigned int keycode) {
    000001CA              _WaitKey:                        ; function: WaitKey
                                                           ; frame size=16
    000001CA 2FE6                   MOV.L       R14,@-R15
    000001CC 4F22                   STS.L       PR,@-R15
    000001CE 7FF8                   ADD         #-8,R15
    000001D0 DE14                   MOV.L       L545+56,R14; _GetKey
    000001D2 1F41                   MOV.L       R4,@(4,R15)
         funcs.c    69        unsigned int keygot;
         funcs.c    70        while (1)
    000001D4              L542:                             




SH SERIES C/C++ Compiler (Ver. 6.0C)                                                                 19-May-2024 20:31:49  PAGE    7


SCT OFFSET   CODE       C LABEL     INSTRUCTION OPERAND    COMMENT

         funcs.c    71            if (GetKey(&keygot) && keygot == keycode)
    000001D4 4E0B                   JSR         @R14
    000001D6 64F3                   MOV         R15,R4
    000001D8 2008                   TST         R0,R0
    000001DA 89FB                   BT          L542
    000001DC 53F1                   MOV.L       @(4,R15),R3
    000001DE 62F2                   MOV.L       @R15,R2
    000001E0 3230                   CMP/EQ      R3,R2
    000001E2 8BF7                   BF          L542
         funcs.c    72                break;
         funcs.c    73    }
    000001E4 7F08                   ADD         #8,R15
    000001E6 4F26                   LDS.L       @R15+,PR
    000001E8 000B                   RTS
    000001EA 6EF6                   MOV.L       @R15+,R14
    000001EC              L545:                             
    000001EC <00000000>             .DATA.L     _RTC_GetTicks
    000001F0 <00000000>             .DATA.L     __itod
    000001F4 <00000000>             .DATA.L     _log10
    000001F8 <00000000>             .DATA.L     __dtoi
    000001FC <00000000>             .DATA.L     _calloc
    00000200 <00000000>             .DATA.L     __modls
    00000204 <00000000>             .DATA.L     __divls
    00000208 <00000000>             .DATA.L     _strlen
    0000020C <00000000>             .DATA.L     _strcat
    00000210 <00000000>             .DATA.L     _srand
    00000214 <00000000>             .DATA.L     _rand
    00000218 40DFFFC0               .DATA.L     H'40DFFFC0
    0000021C <00000000>             .DATA.L     __divdr
    00000220 <00000000>             .DATA.L     _PrintXY
    00000224 <00000000>             .DATA.L     _GetKey






























SH SERIES C/C++ Compiler (Ver. 6.0C)                                                                 19-May-2024 20:31:49  PAGE    1


******** STATISTICS INFORMATION ********


********** ERROR INFORMATION ***********

NUMBER OF ERRORS:           0
NUMBER OF WARNINGS:         1




******* SOURCE LINE INFORMATION ********

COMPILED SOURCE LINE:       73



******* SECTION SIZE INFORMATION *******

PROGRAM  SECTION (P):                               00000228 Byte(s)
CONSTANT SECTION (C):                               00000000 Byte(s)
DATA     SECTION (D):                               00000000 Byte(s)
BSS      SECTION (B):                               00000000 Byte(s)

 TOTAL PROGRAM SIZE: 00000228 Byte(s)



********** LABEL INFORMATION ***********

NUMBER OF EXTERNAL REFERENCE SYMBOLS:           14
NUMBER OF EXTERNAL DEFINITION SYMBOLS:           9
NUMBER OF INTERNAL/EXTERNAL SYMBOLS:            33






























*** COMMAND PARAMETER ***


  -subcommand=C:\Users\JWHÑó\AppData\Local\Temp\hmk7CDC.tmp 

