SH SERIES C/C++ Compiler (Ver. 6.0C)                                                                 19-May-2024 20:31:48  PAGE    1

************ OBJECT LISTING ************

FILE NAME: D:\programing\projects\casio\SN\images.c

SCT OFFSET   CODE       C LABEL     INSTRUCTION OPERAND    COMMENT

        images.c     1    #include "images.h"
        images.c     2    
        images.c     3    extern const unsigned char jwhgzs_png[]={
        images.c     4            0x0, 0x0, 0x0, 0x0, 0x0, 0x0, 0x0, 0x0, 0x0, 0x0, 0x0, 0x0, 0x0, 0x0, 0x0, 0x0, 
        images.c     5            0x0, 0x0, 0x0, 0x0, 0x0, 0x0, 0x0, 0x0, 0x0, 0x0, 0x0, 0x0, 0x0, 0x0, 0x0, 0x0, 
        images.c     6            0x0, 0x0, 0x0, 0x0, 0x0, 0x0, 0x0, 0x0, 0x0, 0x0, 0x0, 0x0, 0x0, 0x0, 0x0, 0x0, 
        images.c     7            0x0, 0x0, 0x0, 0x0, 0x0, 0x0, 0x0, 0x0, 0x0, 0x0, 0x0, 0x0, 0x0, 0x0, 0x0, 0x0, 
        images.c     8            0x0, 0x0, 0x0, 0x0, 0x0, 0x0, 0x0, 0x0, 0x0, 0x0, 0x0, 0x0, 0x0, 0x0, 0x0, 0x0, 
        images.c     9            0x0, 0x0, 0x0, 0x0, 0x0, 0x0, 0x0, 0x0, 0x0, 0x0, 0x0, 0x0, 0x0, 0x0, 0x0, 0x0, 
        images.c    10            0x0, 0x0, 0x0, 0x0, 0x0, 0x0, 0x0, 0x0, 0x0, 0x0, 0x0, 0x0, 0x0, 0x0, 0x0, 0x0, 
        images.c    11            0x0, 0x0, 0x0, 0x0, 0x0, 0x0, 0x0, 0x0, 0x0, 0x0, 0x0, 0x0, 0x0, 0x0, 0x0, 0x0, 
        images.c    12            0x0, 0x0, 0x0, 0x0, 0x0, 0x0, 0x0, 0x0, 0x0, 0x0, 0x0, 0x0, 0x0, 0x0, 0x0, 0x0, 
        images.c    13            0x0, 0x0, 0x0, 0x0, 0x0, 0x0, 0x0, 0x0, 0x0, 0x0, 0x0, 0x0, 0x0, 0x0, 0x0, 0x0, 
        images.c    14            0x0, 0x0, 0x0, 0x0, 0x0, 0x0, 0x0, 0x0, 0x0, 0x0, 0x0, 0x0, 0x0, 0x0, 0x0, 0x0, 
        images.c    15            0x0, 0x0, 0x0, 0x0, 0x0, 0x0, 0x0, 0x0, 0x0, 0x0, 0x0, 0x0, 0x0, 0x0, 0x0, 0x0, 
        images.c    16            0x0, 0x0, 0x0, 0x0, 0x0, 0x0, 0x0, 0x0, 0x0, 0x0, 0x0, 0x0, 0x0, 0x0, 0x0, 0x0, 
        images.c    17            0x0, 0x0, 0x0, 0x0, 0x0, 0x0, 0x0, 0x0, 0x0, 0x0, 0x0, 0x0, 0x0, 0x0, 0x0, 0x0, 
        images.c    18            0x0, 0x0, 0x0, 0x0, 0x0, 0x0, 0x0, 0x0, 0x0, 0x0, 0x0, 0x0, 0x0, 0x0, 0x0, 0x0, 
        images.c    19            0x0, 0x0, 0x0, 0x0, 0x0, 0x0, 0x0, 0x0, 0x0, 0x0, 0x0, 0x0, 0x0, 0x0, 0x0, 0x0, 
        images.c    20            0x0, 0x0, 0x0, 0x0, 0x0, 0x0, 0x0, 0x0, 0x0, 0x0, 0x0, 0x0, 0x0, 0x0, 0x0, 0x0, 
        images.c    21            0x0, 0x0, 0x0, 0x0, 0x0, 0x0, 0x0, 0x0, 0x0, 0x0, 0x0, 0x0, 0x0, 0x0, 0x0, 0x0, 
        images.c    22            0x0, 0x0, 0x0, 0x0, 0x0, 0x0, 0x0, 0x0, 0x0, 0x0, 0x0, 0x0, 0x0, 0x0, 0x0, 0x0, 
        images.c    23            0x0, 0x0, 0x0, 0x0, 0x0, 0x0, 0x0, 0x0, 0x0, 0x0, 0x0, 0x0, 0x0, 0x0, 0x0, 0x0, 
        images.c    24            0x0, 0x0, 0x0, 0x0, 0x3, 0x0, 0x1f, 0xfc, 0x8, 0x38, 0x0, 0x0, 0x90, 0x0, 0x60, 0x0, 
        images.c    25            0x1, 0x0, 0x0, 0x10, 0x3, 0x0, 0x1f, 0xfc, 0x58, 0xf0, 0xff, 0xe0, 0x90, 0xf, 0xff, 0x0, 
        images.c    26            0x1, 0x80, 0x0, 0x30, 0x3, 0x0, 0x10, 0x4, 0x33, 0x90, 0xc, 0x1, 0xbf, 0xcf, 0xff, 0x0, 
        images.c    27            0x1, 0xc0, 0x0, 0x70, 0x3f, 0xfc, 0x1f, 0xfc, 0x32, 0x90, 0xc, 0x1, 0x38, 0x8, 0x1, 0x0, 
        images.c    28            0x1, 0xe0, 0x0, 0xf0, 0x2, 0xc, 0x10, 0x0, 0x32, 0x90, 0xc, 0x3, 0x28, 0xb, 0xfd, 0x0, 
        images.c    29            0x1, 0xff, 0xff, 0xf0, 0x2, 0xc, 0x10, 0x38, 0x72, 0x90, 0xc, 0x3, 0x68, 0x0, 0x60, 0x0, 
        images.c    30            0x1, 0xff, 0xff, 0xf0, 0x2, 0xc, 0x17, 0xe0, 0x12, 0x90, 0xc, 0x3, 0xf, 0xc0, 0x90, 0x0, 
        images.c    31            0x1, 0xff, 0xff, 0xf0, 0x6, 0xc, 0x10, 0xc0, 0x12, 0x90, 0xc, 0x5, 0x8, 0x3, 0xc, 0x0, 
        images.c    32            0x1, 0xff, 0xff, 0xf0, 0x6, 0xc, 0x17, 0xfc, 0x32, 0x88, 0xc, 0x1, 0x8, 0x7, 0xfe, 0x0, 
        images.c    33            0x1, 0xff, 0xff, 0xf0, 0x4, 0xc, 0x10, 0xc0, 0x72, 0x88, 0xc, 0x1, 0x8, 0x0, 0x60, 0x0, 
        images.c    34            0x1, 0xff, 0xff, 0xf0, 0x4, 0xc, 0x90, 0xfc, 0x12, 0xa8, 0xc, 0x1, 0xf, 0xc1, 0xf8, 0x0, 
        images.c    35            0x1, 0xff, 0xff, 0xf0, 0x4, 0xc, 0x97, 0xc0, 0x12, 0xa8, 0xc, 0x1, 0x8, 0x0, 0x60, 0x0, 
        images.c    36            0x1, 0xff, 0xff, 0xf0, 0xc, 0xf, 0x90, 0xc2, 0x22, 0xe9, 0xff, 0xf1, 0x8, 0x0, 0x60, 0x0, 
        images.c    37            0x1, 0xff, 0xff, 0xf0, 0x18, 0xf, 0x90, 0xfe, 0x44, 0x4, 0x0, 0x1, 0x8, 0x7, 0xfe, 0x0, 
        images.c    38            0x1, 0xff, 0xff, 0xf0, 0x0, 0x0, 0x0, 0x0, 0x0, 0x0, 0x0, 0x0, 0x0, 0x0, 0x0, 0x0, 
        images.c    39            0x1, 0xff, 0xff, 0xf0, 0x0, 0x0, 0x0, 0x0, 0x0, 0x0, 0x0, 0x0, 0x0, 0x0, 0x0, 0x0, 
        images.c    40            0x1, 0xff, 0xff, 0xf0, 0x0, 0x0, 0x0, 0x0, 0x0, 0x0, 0x0, 0x0, 0x0, 0x0, 0x0, 0x0, 
        images.c    41            0x1, 0xff, 0xff, 0xf0, 0x0, 0x20, 0x2, 0x0, 0x0, 0x0, 0x0, 0x0, 0x0, 0x0, 0x0, 0x0, 
        images.c    42            0x0, 0x1f, 0xff, 0x0, 0x0, 0x0, 0x2, 0x0, 0x0, 0x0, 0x0, 0x0, 0x0, 0x0, 0x0, 0x0, 
        images.c    43            0x0, 0xf, 0xfe, 0x0, 0x0, 0x24, 0x13, 0x87, 0xf, 0xe, 0x1, 0xc7, 0x8, 0x80, 0x0, 0x0, 
        images.c    44            0x0, 0x7, 0xfc, 0x0, 0x0, 0x24, 0x12, 0x44, 0x81, 0x10, 0x2, 0x8, 0x95, 0x40, 0x0, 0x0, 
        images.c    45            0x0, 0x7, 0xfc, 0x0, 0x0, 0x22, 0xa2, 0x44, 0x82, 0x1e, 0x2, 0x8, 0x92, 0x40, 0x0, 0x0, 
        images.c    46            0x0, 0x3, 0xf8, 0x0, 0x0, 0x23, 0xe2, 0x44, 0x84, 0x2, 0x22, 0x8, 0x90, 0x40, 0x0, 0x0, 
        images.c    47            0x0, 0x3, 0xf8, 0x0, 0x0, 0x21, 0x42, 0x43, 0x8f, 0x1c, 0x1, 0xc7, 0x10, 0x40, 0x0, 0x0, 
        images.c    48            0x0, 0x1, 0xf0, 0x0, 0x0, 0x20, 0x0, 0x0, 0x80, 0x0, 0x0, 0x0, 0x0, 0x0, 0x0, 0x0, 
        images.c    49            0x0, 0x0, 0x0, 0x0, 0x0, 0x40, 0x0, 0x0, 0x80, 0x0, 0x0, 0x0, 0x0, 0x0, 0x0, 0x0, 
        images.c    50            0x0, 0x0, 0x0, 0x0, 0x1, 0x80, 0x0, 0x7, 0x0, 0x0, 0x0, 0x0, 0x0, 0x0, 0x0, 0x0, 
        images.c    51            0x0, 0x0, 0x0, 0x0, 0x0, 0x0, 0x0, 0x0, 0x0, 0x0, 0x0, 0x0, 0x0, 0x0, 0x0, 0x0, 
        images.c    52            0x0, 0x0, 0x0, 0x0, 0x0, 0x0, 0x0, 0x0, 0x0, 0x0, 0x0, 0x0, 0x0, 0x0, 0x0, 0x0, 
        images.c    53            0x0, 0x0, 0x0, 0x0, 0x0, 0x0, 0x0, 0x0, 0x0, 0x0, 0x0, 0x0, 0x0, 0x0, 0x0, 0x0, 
        images.c    54            0x0, 0x0, 0x0, 0x0, 0x0, 0x0, 0x0, 0x0, 0x0, 0x0, 0x0, 0x0, 0x0, 0x0, 0x0, 0x0, 




SH SERIES C/C++ Compiler (Ver. 6.0C)                                                                 19-May-2024 20:31:48  PAGE    2


SCT OFFSET   CODE       C LABEL     INSTRUCTION OPERAND    COMMENT

        images.c    55            0x0, 0x0, 0x0, 0x0, 0x0, 0x0, 0x0, 0x0, 0x0, 0x0, 0x0, 0x0, 0x0, 0x0, 0x0, 0x0, 
        images.c    56            0x0, 0x0, 0x0, 0x0, 0x0, 0x0, 0x0, 0x0, 0x0, 0x0, 0x0, 0x0, 0x0, 0x0, 0x0, 0x0, 
        images.c    57            0x0, 0x0, 0x0, 0x0, 0x0, 0x0, 0x0, 0x0, 0x0, 0x0, 0x0, 0x0, 0x0, 0x0, 0x0, 0x0, 
        images.c    58            0x0, 0x0, 0x0, 0x0, 0x0, 0x0, 0x0, 0x0, 0x0, 0x0, 0x0, 0x0, 0x0, 0x0, 0x0, 0x0, 
        images.c    59            0x0, 0x0, 0x0, 0x0, 0x0, 0x0, 0x0, 0x0, 0x0, 0x0, 0x0, 0x0, 0x0, 0x0, 0x0, 0x0, 
        images.c    60            0x0, 0x0, 0x0, 0x0, 0x0, 0x0, 0x0, 0x0, 0x0, 0x0, 0x0, 0x0, 0x0, 0x0, 0x0, 0x0, 
        images.c    61            0x0, 0x0, 0x0, 0x0, 0x0, 0x0, 0x0, 0x0, 0x0, 0x0, 0x0, 0x0, 0x0, 0x0, 0x0, 0x0, 
        images.c    62            0x0, 0x0, 0x0, 0x0, 0x0, 0x0, 0x0, 0x0, 0x0, 0x0, 0x0, 0x0, 0x0, 0x0, 0x0, 0x0, 
        images.c    63            0x0, 0x0, 0x0, 0x0, 0x0, 0x0, 0x0, 0x0, 0x0, 0x0, 0x0, 0x0, 0x0, 0x0, 0x0, 0x0, 
        images.c    64            0x0, 0x0, 0x0, 0x0, 0x0, 0x0, 0x0, 0x0, 0x0, 0x0, 0x0, 0x0, 0x0, 0x0, 0x0, 0x0, 
        images.c    65            0x0, 0x0, 0x0, 0x0, 0x0, 0x0, 0x0, 0x0, 0x0, 0x0, 0x0, 0x0, 0x0, 0x0, 0x0, 0x0, 
        images.c    66            0x0, 0x0, 0x0, 0x0, 0x0, 0x0, 0x0, 0x0, 0x0, 0x0, 0x0, 0x0, 0x0, 0x0, 0x0, 0x0, 
        images.c    67            0x0, 0x0, 0x0, 0x0, 0x0, 0x0, 0x0, 0x0, 0x0, 0x0, 0x0, 0x0, 0x0, 0x0, 0x0, 0x0, 
        images.c    68    };
        images.c    69    
        images.c    70    extern const unsigned char sn_png[]={
        images.c    71            0x0, 0x0, 0x0, 0x0, 0x0, 0x0, 0x0, 0x0, 0x0, 0x0, 0x0, 0x0, 0x0, 0x0, 0x0, 0x0, 
        images.c    72            0x0, 0x0, 0x0, 0x0, 0x0, 0x0, 0x0, 0x0, 0x0, 0x0, 0x0, 0x0, 0x0, 0x0, 0x0, 0x0, 
        images.c    73            0x0, 0x0, 0x0, 0x0, 0x0, 0x0, 0x0, 0x0, 0x0, 0x0, 0x0, 0x0, 0x0, 0x0, 0x0, 0x0, 
        images.c    74            0x0, 0x0, 0x0, 0x0, 0x1, 0x0, 0x0, 0x0, 0x0, 0x0, 0x0, 0x0, 0x0, 0x0, 0x0, 0x0, 
        images.c    75            0x0, 0x0, 0x0, 0x0, 0x1, 0x80, 0x0, 0x0, 0x0, 0x0, 0x0, 0x3, 0xff, 0xff, 0xf8, 0x0, 
        images.c    76            0x0, 0x0, 0x10, 0x0, 0x1, 0x80, 0x0, 0x0, 0x0, 0x0, 0x0, 0x3, 0xff, 0xff, 0xf8, 0x0, 
        images.c    77            0x0, 0x0, 0x8, 0x0, 0x1, 0xf0, 0x0, 0x0, 0x0, 0x0, 0x0, 0x3, 0xff, 0xff, 0xf8, 0x0, 
        images.c    78            0x0, 0x0, 0xc, 0x0, 0x1, 0xf8, 0x0, 0x0, 0x0, 0x0, 0x0, 0x0, 0x0, 0x1, 0xf8, 0x0, 
        images.c    79            0x0, 0x0, 0x1f, 0x0, 0x1, 0xf0, 0x0, 0x0, 0x0, 0x0, 0x0, 0x0, 0x0, 0x3, 0xf8, 0x0, 
        images.c    80            0x0, 0x0, 0x1f, 0x0, 0x1, 0xf0, 0x0, 0x0, 0x0, 0x0, 0x0, 0x0, 0x0, 0x7, 0xf8, 0x0, 
        images.c    81            0x0, 0x0, 0x1e, 0x0, 0x1, 0xf0, 0x0, 0x0, 0x0, 0x0, 0x0, 0x0, 0x0, 0xf, 0xb8, 0x0, 
        images.c    82            0x0, 0x0, 0x18, 0x0, 0x1, 0xf0, 0x0, 0x0, 0x0, 0x0, 0x0, 0x0, 0x0, 0x1f, 0x38, 0x0, 
        images.c    83            0x0, 0x0, 0x30, 0x0, 0x1, 0xf0, 0x0, 0x0, 0x0, 0x0, 0x0, 0x0, 0x0, 0x3e, 0x38, 0x0, 
        images.c    84            0x0, 0x0, 0x20, 0x0, 0x1, 0xf0, 0xc, 0x0, 0x0, 0x0, 0x0, 0x0, 0x0, 0x7c, 0x38, 0x0, 
        images.c    85            0x0, 0x0, 0x0, 0x0, 0x1, 0xf0, 0x3e, 0x0, 0x0, 0x0, 0x0, 0x0, 0x0, 0xf8, 0x38, 0x0, 
        images.c    86            0x0, 0x0, 0x0, 0x0, 0x1, 0xf1, 0xff, 0x0, 0x0, 0x0, 0x0, 0x0, 0x1, 0xf0, 0x38, 0x0, 
        images.c    87            0x0, 0x0, 0xf, 0x0, 0x1, 0xff, 0xff, 0xc0, 0x0, 0x0, 0x0, 0x0, 0x3, 0xe0, 0x38, 0x0, 
        images.c    88            0x0, 0x0, 0x1f, 0x80, 0x1, 0xff, 0xff, 0xc0, 0x0, 0x0, 0x0, 0x0, 0x7, 0xc0, 0x38, 0x0, 
        images.c    89            0x0, 0x0, 0x7f, 0xec, 0x1, 0xff, 0xbf, 0xc0, 0x0, 0x0, 0x0, 0x0, 0xf, 0x80, 0x38, 0x0, 
        images.c    90            0x0, 0x1, 0xff, 0xce, 0x7, 0xfe, 0x3f, 0x80, 0x0, 0x0, 0x0, 0x0, 0x1f, 0x0, 0x38, 0x0, 
        images.c    91            0x0, 0x7, 0xff, 0xcf, 0x1f, 0xf8, 0x3f, 0x80, 0x0, 0x0, 0x0, 0x0, 0x3e, 0x0, 0x38, 0x0, 
        images.c    92            0x0, 0x1f, 0xff, 0x8f, 0xff, 0xf0, 0x3f, 0x0, 0x0, 0x0, 0x0, 0x0, 0x7c, 0x0, 0x38, 0x0, 
        images.c    93            0x0, 0xff, 0xff, 0xf, 0xff, 0xe0, 0x3f, 0x0, 0x0, 0x0, 0x0, 0x0, 0xf8, 0x0, 0x38, 0x0, 
        images.c    94            0x0, 0xff, 0x3f, 0xf, 0x8f, 0xe0, 0x7f, 0x0, 0x0, 0x0, 0x0, 0x1, 0xf0, 0x0, 0x38, 0x0, 
        images.c    95            0x0, 0x3c, 0x3e, 0x7, 0x81, 0xe0, 0x7e, 0x0, 0x0, 0x0, 0x7c, 0x3, 0xe0, 0x0, 0x38, 0x0, 
        images.c    96            0x0, 0x0, 0x7c, 0x7, 0x81, 0xff, 0xfe, 0x0, 0x0, 0x3, 0xff, 0x87, 0xc0, 0x0, 0x38, 0x0, 
        images.c    97            0x0, 0x0, 0x7c, 0x7, 0x81, 0xff, 0xfe, 0x0, 0x0, 0xf, 0xff, 0xef, 0x80, 0x0, 0x38, 0x0, 
        images.c    98            0x0, 0x0, 0xff, 0x7, 0x81, 0xfc, 0x7c, 0x0, 0x0, 0x1f, 0xef, 0xff, 0x0, 0x0, 0x0, 0x0, 
        images.c    99            0x0, 0x1, 0xff, 0xc7, 0x87, 0xf0, 0xfc, 0x0, 0x0, 0x3e, 0x0, 0xfe, 0x0, 0x0, 0x0, 0x0, 
        images.c   100            0x0, 0x1, 0xff, 0xc7, 0x9f, 0xe0, 0xfc, 0x0, 0x0, 0x7c, 0x0, 0x7c, 0x0, 0x0, 0x0, 0x0, 
        images.c   101            0x0, 0x3, 0xff, 0xc7, 0xff, 0xe0, 0xf8, 0x0, 0x0, 0xf0, 0x0, 0x1e, 0x0, 0x0, 0x0, 0x0, 
        images.c   102            0x0, 0x7, 0xfe, 0xe7, 0xff, 0xe0, 0xf8, 0x0, 0x0, 0xf0, 0x0, 0x1e, 0x0, 0x0, 0x0, 0x0, 
        images.c   103            0x0, 0xf, 0xfc, 0x7, 0x81, 0xe1, 0xf8, 0x0, 0x1, 0xe0, 0x0, 0xf, 0x0, 0x0, 0x0, 0x0, 
        images.c   104            0x0, 0xf, 0x9c, 0x7, 0x81, 0xef, 0xf8, 0x0, 0x1, 0xc0, 0x0, 0x7, 0x0, 0x0, 0x0, 0x0, 
        images.c   105            0x0, 0x1f, 0x3c, 0x7, 0x81, 0xff, 0xfc, 0x0, 0x3, 0xc0, 0x0, 0x7, 0x80, 0x0, 0x0, 0x0, 
        images.c   106            0x0, 0x3e, 0x3c, 0x7, 0x81, 0xff, 0xfc, 0x0, 0x3, 0xc0, 0x0, 0x7, 0x80, 0x0, 0x0, 0x0, 
        images.c   107            0x0, 0x3e, 0x3c, 0x7, 0x87, 0xff, 0xf8, 0x0, 0x3, 0x80, 0x0, 0x3, 0x80, 0x0, 0x0, 0x0, 
        images.c   108            0x0, 0x7c, 0x3c, 0x7, 0xdf, 0xff, 0xe0, 0x0, 0x3, 0x80, 0x0, 0x3, 0x80, 0x0, 0x0, 0x0, 
        images.c   109            0x0, 0xf8, 0x3c, 0x3, 0xff, 0xe0, 0x0, 0x0, 0x3, 0x80, 0x0, 0x3, 0x80, 0x0, 0x0, 0x0, 
        images.c   110            0x1, 0xf8, 0x3c, 0x3, 0xff, 0xe0, 0x0, 0x0, 0x3, 0x80, 0x0, 0x3, 0x80, 0x0, 0x0, 0x0, 
        images.c   111            0x1, 0xf0, 0x3c, 0x3, 0xff, 0xe0, 0x0, 0x0, 0x3, 0xc0, 0x0, 0x7, 0x80, 0x0, 0x0, 0x0, 




SH SERIES C/C++ Compiler (Ver. 6.0C)                                                                 19-May-2024 20:31:48  PAGE    3


SCT OFFSET   CODE       C LABEL     INSTRUCTION OPERAND    COMMENT

        images.c   112            0x1, 0xe0, 0x3c, 0x3, 0xf9, 0xe0, 0x0, 0x0, 0x1, 0xc0, 0x0, 0x7, 0x0, 0x0, 0x0, 0x0, 
        images.c   113            0x0, 0x40, 0x3c, 0x0, 0x1, 0xe0, 0x0, 0x0, 0x1, 0xe0, 0x0, 0xf, 0x0, 0x0, 0x0, 0x0, 
        images.c   114            0x0, 0x0, 0x3c, 0x0, 0x1, 0xe0, 0x0, 0x0, 0x1, 0xe0, 0x0, 0xf, 0x0, 0x0, 0x0, 0x0, 
        images.c   115            0x0, 0x0, 0x3c, 0x0, 0x1, 0xe0, 0x0, 0x0, 0x0, 0xf0, 0x0, 0x1e, 0x0, 0x0, 0x0, 0x0, 
        images.c   116            0x0, 0x0, 0x3c, 0x0, 0x1, 0xe0, 0x0, 0x0, 0x0, 0x78, 0x0, 0x3e, 0x0, 0x0, 0x0, 0x0, 
        images.c   117            0x0, 0x0, 0x3c, 0x0, 0x3, 0xe0, 0x0, 0x0, 0x0, 0x7e, 0x0, 0xfc, 0x0, 0x0, 0x0, 0x0, 
        images.c   118            0x0, 0x0, 0x3c, 0x0, 0x3, 0xe0, 0x0, 0x0, 0x0, 0x3f, 0x83, 0xf8, 0x0, 0x0, 0x0, 0x0, 
        images.c   119            0x0, 0x0, 0x3c, 0x0, 0x3, 0xe0, 0x0, 0x0, 0x0, 0x1f, 0xff, 0xf0, 0x0, 0x0, 0x0, 0x0, 
        images.c   120            0x0, 0x0, 0x3c, 0x0, 0x3, 0xe0, 0x0, 0x0, 0x0, 0x7, 0xff, 0xc0, 0x0, 0x0, 0x0, 0x0, 
        images.c   121            0x0, 0x0, 0x3c, 0x0, 0x3, 0xe0, 0x0, 0x0, 0x0, 0x0, 0xff, 0x0, 0x0, 0x0, 0x0, 0x0, 
        images.c   122            0x0, 0x0, 0x3c, 0x0, 0x3, 0xe0, 0x0, 0x0, 0x0, 0x0, 0x0, 0x0, 0x0, 0x0, 0x0, 0x0, 
        images.c   123            0x0, 0x0, 0x3c, 0x0, 0x3, 0xe0, 0x0, 0x0, 0x0, 0x0, 0x0, 0x0, 0x0, 0x0, 0x0, 0x0, 
        images.c   124            0x0, 0x0, 0x3c, 0x0, 0x3, 0xe0, 0x0, 0x0, 0x0, 0x0, 0x0, 0x0, 0x0, 0x0, 0x0, 0x0, 
        images.c   125            0x0, 0x0, 0x0, 0x0, 0x3, 0xe0, 0x0, 0x0, 0x0, 0x0, 0x0, 0x0, 0x0, 0x0, 0x0, 0x0, 
        images.c   126            0x0, 0x0, 0x0, 0x0, 0x3, 0xe0, 0x0, 0x0, 0x0, 0x0, 0x0, 0x0, 0x0, 0x0, 0x0, 0x0, 
        images.c   127            0x0, 0x0, 0x0, 0x0, 0x1, 0xe0, 0x0, 0x0, 0x0, 0x0, 0x0, 0x0, 0x0, 0x0, 0x0, 0x0, 
        images.c   128            0x0, 0x0, 0x0, 0x0, 0x0, 0x20, 0x0, 0x0, 0x0, 0x0, 0x0, 0x0, 0x0, 0x0, 0x0, 0x0, 
        images.c   129            0x0, 0x0, 0x0, 0x0, 0x0, 0x0, 0x0, 0x0, 0x0, 0x0, 0x0, 0x0, 0x0, 0x0, 0x0, 0x0, 
        images.c   130            0x0, 0x0, 0x0, 0x0, 0x0, 0x0, 0x0, 0x0, 0x0, 0x0, 0x0, 0x0, 0x0, 0x0, 0x0, 0x0, 
        images.c   131            0x0, 0x0, 0x0, 0x0, 0x0, 0x0, 0x0, 0x0, 0x0, 0x0, 0x0, 0x0, 0x0, 0x0, 0x0, 0x0, 
        images.c   132            0x0, 0x0, 0x0, 0x0, 0x0, 0x0, 0x0, 0x0, 0x0, 0x0, 0x0, 0x0, 0x0, 0x0, 0x0, 0x0, 
        images.c   133            0x0, 0x0, 0x0, 0x0, 0x0, 0x0, 0x0, 0x0, 0x0, 0x0, 0x0, 0x0, 0x0, 0x0, 0x0, 0x0, 
        images.c   134            0x0, 0x0, 0x0, 0x0, 0x0, 0x0, 0x0, 0x0, 0x0, 0x0, 0x0, 0x0, 0x0, 0x0, 0x0, 0x0, 
        images.c   135    };
C   00000000              _jwhgzs_png:                     ; static: jwhgzs_png
    00000000 0000000000             .DATA.B     H'00,H'00,H'00,H'00,H'00,H'00,H'00,H'00,H'00,H'00,H'00,H'00,H'00,H'00,H'00,H'00,
             0000000000 +                       H'00,H'00,H'00,H'00,H'00,H'00,H'00,H'00,H'00,H'00,H'00,H'00,H'00,H'00,H'00,H'00,
             0000000000 +                       H'00,H'00,H'00,H'00,H'00,H'00,H'00,H'00,H'00,H'00,H'00,H'00,H'00,H'00,H'00,H'00,
             0000000000 +                       H'00,H'00,H'00,H'00,H'00,H'00,H'00,H'00,H'00,H'00,H'00,H'00,H'00,H'00,H'00,H'00,
             0000000000 +                       H'00,H'00,H'00,H'00,H'00,H'00,H'00,H'00,H'00,H'00,H'00,H'00,H'00,H'00,H'00,H'00,
             0000000000 +                       H'00,H'00,H'00,H'00,H'00,H'00,H'00,H'00,H'00,H'00,H'00,H'00,H'00,H'00,H'00,H'00,
             0000000000 +                       H'00,H'00,H'00,H'00,H'00,H'00,H'00,H'00,H'00,H'00,H'00,H'00,H'00,H'00,H'00,H'00,
             0000000000 +                       H'00,H'00,H'00,H'00,H'00,H'00,H'00,H'00,H'00,H'00,H'00,H'00,H'00,H'00,H'00,H'00,
             0000000000 +                       H'00,H'00,H'00,H'00,H'00,H'00,H'00,H'00,H'00,H'00,H'00,H'00,H'00,H'00,H'00,H'00,
             0000000000 +                       H'00,H'00,H'00,H'00,H'00,H'00,H'00,H'00,H'00,H'00,H'00,H'00,H'00,H'00,H'00,H'00,
             0000000000 +                       H'00,H'00,H'00,H'00,H'00,H'00,H'00,H'00,H'00,H'00,H'00,H'00,H'00,H'00,H'00,H'00,
             0000000000 +                       H'00,H'00,H'00,H'00,H'00,H'00,H'00,H'00,H'00,H'00,H'00,H'00,H'00,H'00,H'00,H'00,
             0000000000 +                       H'00,H'00,H'00,H'00,H'00,H'00,H'00,H'00,H'00,H'00,H'00,H'00,H'00,H'00,H'00,H'00,
             0000000000 +                       H'00,H'00,H'00,H'00
             0000000000   
             0000000000   
             0000000000   
             0000000000   
             0000000000   
             0000000000   
             0000000000   
             0000000000   
             0000000000   
             0000000000   
             0000000000   
             0000000000   
             0000000000   
             0000000000   
             0000000000   
             0000000000   
             0000000000   
             0000000000   




SH SERIES C/C++ Compiler (Ver. 6.0C)                                                                 19-May-2024 20:31:48  PAGE    4


SCT OFFSET   CODE       C LABEL     INSTRUCTION OPERAND    COMMENT

             0000000000   
             0000000000   
             0000000000   
             0000000000   
             0000000000   
             0000000000   
             0000000000   
             0000000000   
             0000000000   
             0000000000   
             0000         
    000000D4 0000000000             .DATA.B     H'00,H'00,H'00,H'00,H'00,H'00,H'00,H'00,H'00,H'00,H'00,H'00,H'00,H'00,H'00,H'00,
             0000000000 +                       H'00,H'00,H'00,H'00,H'00,H'00,H'00,H'00,H'00,H'00,H'00,H'00,H'00,H'00,H'00,H'00,
             0000000000 +                       H'00,H'00,H'00,H'00,H'00,H'00,H'00,H'00,H'00,H'00,H'00,H'00,H'00,H'00,H'00,H'00,
             0000000000 +                       H'00,H'00,H'00,H'00,H'00,H'00,H'00,H'00,H'00,H'00,H'00,H'00,H'00,H'00,H'00,H'00,
             0000000000 +                       H'00,H'00,H'00,H'00,H'00,H'00,H'00,H'00,H'00,H'00,H'00,H'00,H'00,H'00,H'00,H'00,
             0000000000 +                       H'00,H'00,H'00,H'00,H'00,H'00,H'00,H'00,H'00,H'00,H'00,H'00,H'00,H'00,H'00,H'00,
             0000000000 +                       H'00,H'00,H'00,H'00,H'00,H'00,H'00,H'00,H'00,H'00,H'00,H'00,H'00,H'00,H'00,H'00,
             0000000000 +                       H'03,H'00,H'1F,H'FC,H'08,H'38,H'00,H'00,H'90,H'00,H'60,H'00,H'01,H'00,H'00,H'10,
             0000000000 +                       H'03,H'00,H'1F,H'FC,H'58,H'F0,H'FF,H'E0,H'90,H'0F,H'FF,H'00,H'01,H'80,H'00,H'30,
             0000000000 +                       H'03,H'00,H'10,H'04,H'33,H'90,H'0C,H'01,H'BF,H'CF,H'FF,H'00,H'01,H'C0,H'00,H'70,
             0000000000 +                       H'3F,H'FC,H'1F,H'FC,H'32,H'90,H'0C,H'01,H'38,H'08,H'01,H'00,H'01,H'E0,H'00,H'F0,
             0000000000 +                       H'02,H'0C,H'10,H'00,H'32,H'90,H'0C,H'03,H'28,H'0B,H'FD,H'00,H'01,H'FF,H'FF,H'F0,
             0000000000 +                       H'02,H'0C,H'10,H'38,H'72,H'90,H'0C,H'03,H'68,H'00,H'60,H'00,H'01,H'FF,H'FF,H'F0,
             0000000000 +                       H'02,H'0C,H'17,H'E0
             0000000000   
             0000000000   
             0000000000   
             0000000000   
             0000000000   
             0000000000   
             0000000000   
             0000000000   
             000003001F   
             FC08380000   
             9000600001   
             0000100300   
             1FFC58F0FF   
             E0900FFF00   
             0180003003   
             0010043390   
             0C01BFCFFF   
             0001C00070   
             3FFC1FFC32   
             900C013808   
             010001E000   
             F0020C1000   
             32900C0328   
             0BFD0001FF   
             FFF0020C10   
             3872900C03   
             6800600001   
             FFFFF0020C   
             17E0         
    000001A8 12900C030F             .DATA.B     H'12,H'90,H'0C,H'03,H'0F,H'C0,H'90,H'00,H'01,H'FF,H'FF,H'F0,H'06,H'0C,H'10,H'C0,
             C0900001FF +                       H'12,H'90,H'0C,H'05,H'08,H'03,H'0C,H'00,H'01,H'FF,H'FF,H'F0,H'06,H'0C,H'17,H'FC,
             FFF0060C10 +                       H'32,H'88,H'0C,H'01,H'08,H'07,H'FE,H'00,H'01,H'FF,H'FF,H'F0,H'04,H'0C,H'10,H'C0,




SH SERIES C/C++ Compiler (Ver. 6.0C)                                                                 19-May-2024 20:31:48  PAGE    5


SCT OFFSET   CODE       C LABEL     INSTRUCTION OPERAND    COMMENT

             C012900C05 +                       H'72,H'88,H'0C,H'01,H'08,H'00,H'60,H'00,H'01,H'FF,H'FF,H'F0,H'04,H'0C,H'90,H'FC,
             08030C0001 +                       H'12,H'A8,H'0C,H'01,H'0F,H'C1,H'F8,H'00,H'01,H'FF,H'FF,H'F0,H'04,H'0C,H'97,H'C0,
             FFFFF0060C +                       H'12,H'A8,H'0C,H'01,H'08,H'00,H'60,H'00,H'01,H'FF,H'FF,H'F0,H'0C,H'0F,H'90,H'C2,
             17FC32880C +                       H'22,H'E9,H'FF,H'F1,H'08,H'00,H'60,H'00,H'01,H'FF,H'FF,H'F0,H'18,H'0F,H'90,H'FE,
             010807FE00 +                       H'44,H'04,H'00,H'01,H'08,H'07,H'FE,H'00,H'01,H'FF,H'FF,H'F0,H'00,H'00,H'00,H'00,
             01FFFFF004 +                       H'00,H'00,H'00,H'00,H'00,H'00,H'00,H'00,H'01,H'FF,H'FF,H'F0,H'00,H'00,H'00,H'00,
             0C10C07288 +                       H'00,H'00,H'00,H'00,H'00,H'00,H'00,H'00,H'01,H'FF,H'FF,H'F0,H'00,H'00,H'00,H'00,
             0C01080060 +                       H'00,H'00,H'00,H'00,H'00,H'00,H'00,H'00,H'01,H'FF,H'FF,H'F0,H'00,H'20,H'02,H'00,
             0001FFFFF0 +                       H'00,H'00,H'00,H'00,H'00,H'00,H'00,H'00,H'00,H'1F,H'FF,H'00,H'00,H'00,H'02,H'00,
             040C90FC12 +                       H'00,H'00,H'00,H'00,H'00,H'00,H'00,H'00,H'00,H'0F,H'FE,H'00,H'00,H'24,H'13,H'87,
             A80C010FC1 +                       H'0F,H'0E,H'01,H'C7
             F80001FFFF   
             F0040C97C0   
             12A80C0108   
             00600001FF   
             FFF00C0F90   
             C222E9FFF1   
             0800600001   
             FFFFF0180F   
             90FE440400   
             010807FE00   
             01FFFFF000   
             0000000000   
             0000000000   
             0001FFFFF0   
             0000000000   
             0000000000   
             000001FFFF   
             F000000000   
             0000000000   
             00000001FF   
             FFF0002002   
             0000000000   
             0000000000   
             1FFF000000   
             0200000000   
             0000000000   
             000FFE0000   
             2413870F0E   
             01C7         
    0000027C 0880000000             .DATA.B     H'08,H'80,H'00,H'00,H'00,H'07,H'FC,H'00,H'00,H'24,H'12,H'44,H'81,H'10,H'02,H'08,
             07FC000024 +                       H'95,H'40,H'00,H'00,H'00,H'07,H'FC,H'00,H'00,H'22,H'A2,H'44,H'82,H'1E,H'02,H'08,
             1244811002 +                       H'92,H'40,H'00,H'00,H'00,H'03,H'F8,H'00,H'00,H'23,H'E2,H'44,H'84,H'02,H'22,H'08,
             0895400000 +                       H'90,H'40,H'00,H'00,H'00,H'03,H'F8,H'00,H'00,H'21,H'42,H'43,H'8F,H'1C,H'01,H'C7,
             0007FC0000 +                       H'10,H'40,H'00,H'00,H'00,H'01,H'F0,H'00,H'00,H'20,H'00,H'00,H'80,H'00,H'00,H'00,
             22A244821E +                       H'00,H'00,H'00,H'00,H'00,H'00,H'00,H'00,H'00,H'40,H'00,H'00,H'80,H'00,H'00,H'00,
             0208924000 +                       H'00,H'00,H'00,H'00,H'00,H'00,H'00,H'00,H'01,H'80,H'00,H'07,H'00,H'00,H'00,H'00,
             000003F800 +                       H'00,H'00,H'00,H'00,H'00,H'00,H'00,H'00,H'00,H'00,H'00,H'00,H'00,H'00,H'00,H'00,
             0023E24484 +                       H'00,H'00,H'00,H'00,H'00,H'00,H'00,H'00,H'00,H'00,H'00,H'00,H'00,H'00,H'00,H'00,
             0222089040 +                       H'00,H'00,H'00,H'00,H'00,H'00,H'00,H'00,H'00,H'00,H'00,H'00,H'00,H'00,H'00,H'00,
             00000003F8 +                       H'00,H'00,H'00,H'00,H'00,H'00,H'00,H'00,H'00,H'00,H'00,H'00,H'00,H'00,H'00,H'00,
             0000214243 +                       H'00,H'00,H'00,H'00,H'00,H'00,H'00,H'00,H'00,H'00,H'00,H'00,H'00,H'00,H'00,H'00,
             8F1C01C710 +                       H'00,H'00,H'00,H'00,H'00,H'00,H'00,H'00,H'00,H'00,H'00,H'00,H'00,H'00,H'00,H'00,
             4000000001 +                       H'00,H'00,H'00,H'00
             F000002000   
             0080000000   
             0000000000   




SH SERIES C/C++ Compiler (Ver. 6.0C)                                                                 19-May-2024 20:31:48  PAGE    6


SCT OFFSET   CODE       C LABEL     INSTRUCTION OPERAND    COMMENT

             0000000040   
             0000800000   
             0000000000   
             0000000001   
             8000070000   
             0000000000   
             0000000000   
             0000000000   
             0000000000   
             0000000000   
             0000000000   
             0000000000   
             0000000000   
             0000000000   
             0000000000   
             0000000000   
             0000000000   
             0000000000   
             0000000000   
             0000000000   
             0000000000   
             0000000000   
             0000000000   
             0000000000   
             0000000000   
             0000         
    00000350 0000000000             .DATA.B     H'00,H'00,H'00,H'00,H'00,H'00,H'00,H'00,H'00,H'00,H'00,H'00,H'00,H'00,H'00,H'00,
             0000000000 +                       H'00,H'00,H'00,H'00,H'00,H'00,H'00,H'00,H'00,H'00,H'00,H'00,H'00,H'00,H'00,H'00,
             0000000000 +                       H'00,H'00,H'00,H'00,H'00,H'00,H'00,H'00,H'00,H'00,H'00,H'00,H'00,H'00,H'00,H'00,
             0000000000 +                       H'00,H'00,H'00,H'00,H'00,H'00,H'00,H'00,H'00,H'00,H'00,H'00,H'00,H'00,H'00,H'00,
             0000000000 +                       H'00,H'00,H'00,H'00,H'00,H'00,H'00,H'00,H'00,H'00,H'00,H'00,H'00,H'00,H'00,H'00,
             0000000000 +                       H'00,H'00,H'00,H'00,H'00,H'00,H'00,H'00,H'00,H'00,H'00,H'00,H'00,H'00,H'00,H'00,
             0000000000 +                       H'00,H'00,H'00,H'00,H'00,H'00,H'00,H'00,H'00,H'00,H'00,H'00,H'00,H'00,H'00,H'00,
             0000000000 +                       H'00,H'00,H'00,H'00,H'00,H'00,H'00,H'00,H'00,H'00,H'00,H'00,H'00,H'00,H'00,H'00,
             0000000000 +                       H'00,H'00,H'00,H'00,H'00,H'00,H'00,H'00,H'00,H'00,H'00,H'00,H'00,H'00,H'00,H'00,
             0000000000 +                       H'00,H'00,H'00,H'00,H'00,H'00,H'00,H'00,H'00,H'00,H'00,H'00,H'00,H'00,H'00,H'00,
             0000000000 +                       H'00,H'00,H'00,H'00,H'00,H'00,H'00,H'00,H'00,H'00,H'00,H'00,H'00,H'00,H'00,H'00
             0000000000   
             0000000000   
             0000000000   
             0000000000   
             0000000000   
             0000000000   
             0000000000   
             0000000000   
             0000000000   
             0000000000   
             0000000000   
             0000000000   
             0000000000   
             0000000000   
             0000000000   
             0000000000   
             0000000000   
             0000000000   
             0000000000   
             0000000000   




SH SERIES C/C++ Compiler (Ver. 6.0C)                                                                 19-May-2024 20:31:48  PAGE    7


SCT OFFSET   CODE       C LABEL     INSTRUCTION OPERAND    COMMENT

             0000000000   
             0000000000   
             0000000000   
             0000000000   
             00           
    00000400              _sn_png:                         ; static: sn_png
    00000400 0000000000             .DATA.B     H'00,H'00,H'00,H'00,H'00,H'00,H'00,H'00,H'00,H'00,H'00,H'00,H'00,H'00,H'00,H'00,
             0000000000 +                       H'00,H'00,H'00,H'00,H'00,H'00,H'00,H'00,H'00,H'00,H'00,H'00,H'00,H'00,H'00,H'00,
             0000000000 +                       H'00,H'00,H'00,H'00,H'00,H'00,H'00,H'00,H'00,H'00,H'00,H'00,H'00,H'00,H'00,H'00,
             0000000000 +                       H'00,H'00,H'00,H'00,H'01,H'00,H'00,H'00,H'00,H'00,H'00,H'00,H'00,H'00,H'00,H'00,
             0000000000 +                       H'00,H'00,H'00,H'00,H'01,H'80,H'00,H'00,H'00,H'00,H'00,H'03,H'FF,H'FF,H'F8,H'00,
             0000000000 +                       H'00,H'00,H'10,H'00,H'01,H'80,H'00,H'00,H'00,H'00,H'00,H'03,H'FF,H'FF,H'F8,H'00,
             0000000000 +                       H'00,H'00,H'08,H'00,H'01,H'F0,H'00,H'00,H'00,H'00,H'00,H'03,H'FF,H'FF,H'F8,H'00,
             0000000000 +                       H'00,H'00,H'0C,H'00,H'01,H'F8,H'00,H'00,H'00,H'00,H'00,H'00,H'00,H'01,H'F8,H'00,
             0000000000 +                       H'00,H'00,H'1F,H'00,H'01,H'F0,H'00,H'00,H'00,H'00,H'00,H'00,H'00,H'03,H'F8,H'00,
             0000000000 +                       H'00,H'00,H'1F,H'00,H'01,H'F0,H'00,H'00,H'00,H'00,H'00,H'00,H'00,H'07,H'F8,H'00,
             0000010000 +                       H'00,H'00,H'1E,H'00,H'01,H'F0,H'00,H'00,H'00,H'00,H'00,H'00,H'00,H'0F,H'B8,H'00,
             0000000000 +                       H'00,H'00,H'18,H'00,H'01,H'F0,H'00,H'00,H'00,H'00,H'00,H'00,H'00,H'1F,H'38,H'00,
             0000000000 +                       H'00,H'00,H'30,H'00,H'01,H'F0,H'00,H'00,H'00,H'00,H'00,H'00,H'00,H'3E,H'38,H'00,
             0000000180 +                       H'00,H'00,H'20,H'00
             0000000000   
             03FFFFF800   
             0000100001   
             8000000000   
             0003FFFFF8   
             0000000800   
             01F0000000   
             000003FFFF   
             F80000000C   
             0001F80000   
             0000000000   
             01F8000000   
             1F0001F000   
             0000000000   
             0003F80000   
             001F0001F0   
             0000000000   
             000007F800   
             00001E0001   
             F000000000   
             0000000FB8   
             0000001800   
             01F0000000   
             000000001F   
             3800000030   
             0001F00000   
             0000000000   
             3E38000000   
             2000         
    000004D4 01F00C0000             .DATA.B     H'01,H'F0,H'0C,H'00,H'00,H'00,H'00,H'00,H'00,H'7C,H'38,H'00,H'00,H'00,H'00,H'00,
             000000007C +                       H'01,H'F0,H'3E,H'00,H'00,H'00,H'00,H'00,H'00,H'F8,H'38,H'00,H'00,H'00,H'00,H'00,
             3800000000 +                       H'01,H'F1,H'FF,H'00,H'00,H'00,H'00,H'00,H'01,H'F0,H'38,H'00,H'00,H'00,H'0F,H'00,
             0001F03E00 +                       H'01,H'FF,H'FF,H'C0,H'00,H'00,H'00,H'00,H'03,H'E0,H'38,H'00,H'00,H'00,H'1F,H'80,
             0000000000 +                       H'01,H'FF,H'FF,H'C0,H'00,H'00,H'00,H'00,H'07,H'C0,H'38,H'00,H'00,H'00,H'7F,H'EC,
             F838000000 +                       H'01,H'FF,H'BF,H'C0,H'00,H'00,H'00,H'00,H'0F,H'80,H'38,H'00,H'00,H'01,H'FF,H'CE,
             000001F1FF +                       H'07,H'FE,H'3F,H'80,H'00,H'00,H'00,H'00,H'1F,H'00,H'38,H'00,H'00,H'07,H'FF,H'CF,
             0000000000 +                       H'1F,H'F8,H'3F,H'80,H'00,H'00,H'00,H'00,H'3E,H'00,H'38,H'00,H'00,H'1F,H'FF,H'8F,




SH SERIES C/C++ Compiler (Ver. 6.0C)                                                                 19-May-2024 20:31:48  PAGE    8


SCT OFFSET   CODE       C LABEL     INSTRUCTION OPERAND    COMMENT

             01F0380000 +                       H'FF,H'F0,H'3F,H'00,H'00,H'00,H'00,H'00,H'7C,H'00,H'38,H'00,H'00,H'FF,H'FF,H'0F,
             000F0001FF +                       H'FF,H'E0,H'3F,H'00,H'00,H'00,H'00,H'00,H'F8,H'00,H'38,H'00,H'00,H'FF,H'3F,H'0F,
             FFC0000000 +                       H'8F,H'E0,H'7F,H'00,H'00,H'00,H'00,H'01,H'F0,H'00,H'38,H'00,H'00,H'3C,H'3E,H'07,
             0003E03800 +                       H'81,H'E0,H'7E,H'00,H'00,H'00,H'7C,H'03,H'E0,H'00,H'38,H'00,H'00,H'00,H'7C,H'07,
             00001F8001 +                       H'81,H'FF,H'FE,H'00,H'00,H'03,H'FF,H'87,H'C0,H'00,H'38,H'00,H'00,H'00,H'7C,H'07,
             FFFFC00000 +                       H'81,H'FF,H'FE,H'00
             000007C038   
             0000007FEC   
             01FFBFC000   
             0000000F80   
             38000001FF   
             CE07FE3F80   
             000000001F   
             0038000007   
             FFCF1FF83F   
             8000000000   
             3E00380000   
             1FFF8FFFF0   
             3F00000000   
             007C003800   
             00FFFF0FFF   
             E03F000000   
             0000F80038   
             0000FF3F0F   
             8FE07F0000   
             000001F000   
             3800003C3E   
             0781E07E00   
             00007C03E0   
             0038000000   
             7C0781FFFE   
             000003FF87   
             C000380000   
             007C0781FF   
             FE00         
    000005A8 000FFFEF80             .DATA.B     H'00,H'0F,H'FF,H'EF,H'80,H'00,H'38,H'00,H'00,H'00,H'FF,H'07,H'81,H'FC,H'7C,H'00,
             0038000000 +                       H'00,H'1F,H'EF,H'FF,H'00,H'00,H'00,H'00,H'00,H'01,H'FF,H'C7,H'87,H'F0,H'FC,H'00,
             FF0781FC7C +                       H'00,H'3E,H'00,H'FE,H'00,H'00,H'00,H'00,H'00,H'01,H'FF,H'C7,H'9F,H'E0,H'FC,H'00,
             00001FEFFF +                       H'00,H'7C,H'00,H'7C,H'00,H'00,H'00,H'00,H'00,H'03,H'FF,H'C7,H'FF,H'E0,H'F8,H'00,
             0000000000 +                       H'00,H'F0,H'00,H'1E,H'00,H'00,H'00,H'00,H'00,H'07,H'FE,H'E7,H'FF,H'E0,H'F8,H'00,
             01FFC787F0 +                       H'00,H'F0,H'00,H'1E,H'00,H'00,H'00,H'00,H'00,H'0F,H'FC,H'07,H'81,H'E1,H'F8,H'00,
             FC00003E00 +                       H'01,H'E0,H'00,H'0F,H'00,H'00,H'00,H'00,H'00,H'0F,H'9C,H'07,H'81,H'EF,H'F8,H'00,
             FE00000000 +                       H'01,H'C0,H'00,H'07,H'00,H'00,H'00,H'00,H'00,H'1F,H'3C,H'07,H'81,H'FF,H'FC,H'00,
             0001FFC79F +                       H'03,H'C0,H'00,H'07,H'80,H'00,H'00,H'00,H'00,H'3E,H'3C,H'07,H'81,H'FF,H'FC,H'00,
             E0FC00007C +                       H'03,H'C0,H'00,H'07,H'80,H'00,H'00,H'00,H'00,H'3E,H'3C,H'07,H'87,H'FF,H'F8,H'00,
             007C000000 +                       H'03,H'80,H'00,H'03,H'80,H'00,H'00,H'00,H'00,H'7C,H'3C,H'07,H'DF,H'FF,H'E0,H'00,
             000003FFC7 +                       H'03,H'80,H'00,H'03,H'80,H'00,H'00,H'00,H'00,H'F8,H'3C,H'03,H'FF,H'E0,H'00,H'00,
             FFE0F80000 +                       H'03,H'80,H'00,H'03,H'80,H'00,H'00,H'00,H'01,H'F8,H'3C,H'03,H'FF,H'E0,H'00,H'00,
             F0001E0000 +                       H'03,H'80,H'00,H'03
             00000007FE   
             E7FFE0F800   
             00F0001E00   
             000000000F   
             FC0781E1F8   
             0001E0000F   
             0000000000   
             0F9C0781EF   




SH SERIES C/C++ Compiler (Ver. 6.0C)                                                                 19-May-2024 20:31:48  PAGE    9


SCT OFFSET   CODE       C LABEL     INSTRUCTION OPERAND    COMMENT

             F80001C000   
             0700000000   
             001F3C0781   
             FFFC0003C0   
             0007800000   
             00003E3C07   
             81FFFC0003   
             C000078000   
             0000003E3C   
             0787FFF800   
             0380000380   
             000000007C   
             3C07DFFFE0   
             0003800003   
             8000000000   
             F83C03FFE0   
             0000038000   
             0380000000   
             01F83C03FF   
             E000000380   
             0003         
    0000067C 8000000001             .DATA.B     H'80,H'00,H'00,H'00,H'01,H'F0,H'3C,H'03,H'FF,H'E0,H'00,H'00,H'03,H'C0,H'00,H'07,
             F03C03FFE0 +                       H'80,H'00,H'00,H'00,H'01,H'E0,H'3C,H'03,H'F9,H'E0,H'00,H'00,H'01,H'C0,H'00,H'07,
             000003C000 +                       H'00,H'00,H'00,H'00,H'00,H'40,H'3C,H'00,H'01,H'E0,H'00,H'00,H'01,H'E0,H'00,H'0F,
             0780000000 +                       H'00,H'00,H'00,H'00,H'00,H'00,H'3C,H'00,H'01,H'E0,H'00,H'00,H'01,H'E0,H'00,H'0F,
             01E03C03F9 +                       H'00,H'00,H'00,H'00,H'00,H'00,H'3C,H'00,H'01,H'E0,H'00,H'00,H'00,H'F0,H'00,H'1E,
             E0000001C0 +                       H'00,H'00,H'00,H'00,H'00,H'00,H'3C,H'00,H'01,H'E0,H'00,H'00,H'00,H'78,H'00,H'3E,
             0007000000 +                       H'00,H'00,H'00,H'00,H'00,H'00,H'3C,H'00,H'03,H'E0,H'00,H'00,H'00,H'7E,H'00,H'FC,
             0000403C00 +                       H'00,H'00,H'00,H'00,H'00,H'00,H'3C,H'00,H'03,H'E0,H'00,H'00,H'00,H'3F,H'83,H'F8,
             01E0000001 +                       H'00,H'00,H'00,H'00,H'00,H'00,H'3C,H'00,H'03,H'E0,H'00,H'00,H'00,H'1F,H'FF,H'F0,
             E0000F0000 +                       H'00,H'00,H'00,H'00,H'00,H'00,H'3C,H'00,H'03,H'E0,H'00,H'00,H'00,H'07,H'FF,H'C0,
             000000003C +                       H'00,H'00,H'00,H'00,H'00,H'00,H'3C,H'00,H'03,H'E0,H'00,H'00,H'00,H'00,H'FF,H'00,
             0001E00000 +                       H'00,H'00,H'00,H'00,H'00,H'00,H'3C,H'00,H'03,H'E0,H'00,H'00,H'00,H'00,H'00,H'00,
             01E0000F00 +                       H'00,H'00,H'00,H'00,H'00,H'00,H'3C,H'00,H'03,H'E0,H'00,H'00,H'00,H'00,H'00,H'00,
             0000000000 +                       H'00,H'00,H'00,H'00
             3C0001E000   
             0000F0001E   
             0000000000   
             003C0001E0   
             0000007800   
             3E00000000   
             00003C0003   
             E00000007E   
             00FC000000   
             0000003C00   
             03E0000000   
             3F83F80000   
             000000003C   
             0003E00000   
             001FFFF000   
             0000000000   
             3C0003E000   
             000007FFC0   
             0000000000   
             003C0003E0   
             00000000FF   
             0000000000   




SH SERIES C/C++ Compiler (Ver. 6.0C)                                                                 19-May-2024 20:31:48  PAGE   10


SCT OFFSET   CODE       C LABEL     INSTRUCTION OPERAND    COMMENT

             00003C0003   
             E000000000   
             0000000000   
             0000003C00   
             03E0000000   
             0000000000   
             0000         
    00000750 00003C0003             .DATA.B     H'00,H'00,H'3C,H'00,H'03,H'E0,H'00,H'00,H'00,H'00,H'00,H'00,H'00,H'00,H'00,H'00,
             E000000000 +                       H'00,H'00,H'00,H'00,H'03,H'E0,H'00,H'00,H'00,H'00,H'00,H'00,H'00,H'00,H'00,H'00,
             0000000000 +                       H'00,H'00,H'00,H'00,H'03,H'E0,H'00,H'00,H'00,H'00,H'00,H'00,H'00,H'00,H'00,H'00,
             0000000000 +                       H'00,H'00,H'00,H'00,H'01,H'E0,H'00,H'00,H'00,H'00,H'00,H'00,H'00,H'00,H'00,H'00,
             03E0000000 +                       H'00,H'00,H'00,H'00,H'00,H'20,H'00,H'00,H'00,H'00,H'00,H'00,H'00,H'00,H'00,H'00,
             0000000000 +                       H'00,H'00,H'00,H'00,H'00,H'00,H'00,H'00,H'00,H'00,H'00,H'00,H'00,H'00,H'00,H'00,
             0000000000 +                       H'00,H'00,H'00,H'00,H'00,H'00,H'00,H'00,H'00,H'00,H'00,H'00,H'00,H'00,H'00,H'00,
             0003E00000 +                       H'00,H'00,H'00,H'00,H'00,H'00,H'00,H'00,H'00,H'00,H'00,H'00,H'00,H'00,H'00,H'00,
             0000000000 +                       H'00,H'00,H'00,H'00,H'00,H'00,H'00,H'00,H'00,H'00,H'00,H'00,H'00,H'00,H'00,H'00,
             0000000000 +                       H'00,H'00,H'00,H'00,H'00,H'00,H'00,H'00,H'00,H'00,H'00,H'00,H'00,H'00,H'00,H'00,
             000001E000 +                       H'00,H'00,H'00,H'00,H'00,H'00,H'00,H'00,H'00,H'00,H'00,H'00,H'00,H'00,H'00,H'00
             0000000000   
             0000000000   
             0000000020   
             0000000000   
             0000000000   
             0000000000   
             0000000000   
             0000000000   
             0000000000   
             0000000000   
             0000000000   
             0000000000   
             0000000000   
             0000000000   
             0000000000   
             0000000000   
             0000000000   
             0000000000   
             0000000000   
             0000000000   
             0000000000   
             0000000000   
             0000000000   
             0000000000   
             00           


















SH SERIES C/C++ Compiler (Ver. 6.0C)                                                                 19-May-2024 20:31:48  PAGE    1


******** STATISTICS INFORMATION ********


********** ERROR INFORMATION ***********

NUMBER OF ERRORS:           0
NUMBER OF WARNINGS:         0




******* SOURCE LINE INFORMATION ********

COMPILED SOURCE LINE:      135



******* SECTION SIZE INFORMATION *******

PROGRAM  SECTION (P):                               00000000 Byte(s)
CONSTANT SECTION (C):                               00000800 Byte(s)
DATA     SECTION (D):                               00000000 Byte(s)
BSS      SECTION (B):                               00000000 Byte(s)

 TOTAL PROGRAM SIZE: 00000800 Byte(s)



********** LABEL INFORMATION ***********

NUMBER OF EXTERNAL REFERENCE SYMBOLS:            0
NUMBER OF EXTERNAL DEFINITION SYMBOLS:           2
NUMBER OF INTERNAL/EXTERNAL SYMBOLS:             2






























*** COMMAND PARAMETER ***


  -subcommand=C:\Users\JWHÑó\AppData\Local\Temp\hmk7C2F.tmp 

