SH SERIES C/C++ Compiler (Ver. 6.0C)                                                                 19-May-2024 20:31:49  PAGE    1

************ OBJECT LISTING ************

FILE NAME: D:\programing\projects\casio\SN\pages.c

SCT OFFSET   CODE       C LABEL     INSTRUCTION OPERAND    COMMENT

         pages.c     1    #include <stdlib.h>
         pages.c     2    #include <string.h>
         pages.c     3    #include <math.h>
         pages.c     4    
         pages.c     5    #include "fxlib.h"
         pages.c     6    #include "MonochromeLib.h"
         pages.c     7    #include "images.h"
         pages.c     8    #include "funcs.h"
         pages.c     9    #include "data.h"
         pages.c    10    
         pages.c    11    void page_game_draw_scoreboard(int *s1, int *s2) {
P   00000000              _page_game_draw_scoreboard:      ; function: page_game_draw_scoreboard
                                                           ; frame size=20
    00000000 2FE6                   MOV.L       R14,@-R15
    00000002 4F22                   STS.L       PR,@-R15
         pages.c    12        char *s = "SN ";
    00000004 D333                   MOV.L       L440+2,R3  ; L416
    00000006 7FF4                   ADD         #-12,R15
         pages.c    13        s = strcon(s, int2str(*s1));
    00000008 DE33                   MOV.L       L440+6,R14 ; _strcon
    0000000A 1F42                   MOV.L       R4,@(8,R15)
    0000000C 1F51                   MOV.L       R5,@(4,R15)
    0000000E 2F32                   MOV.L       R3,@R15
    00000010 54F2                   MOV.L       @(8,R15),R4
    00000012 D332                   MOV.L       L440+10,R3 ; _int2str
    00000014 430B                   JSR         @R3
    00000016 6442                   MOV.L       @R4,R4
    00000018 6503                   MOV         R0,R5
    0000001A 4E0B                   JSR         @R14
    0000001C 64F2                   MOV.L       @R15,R4
         pages.c    14        s = strcon(s, " - ");
    0000001E D530                   MOV.L       L440+14,R5 ; L417
    00000020 4E0B                   JSR         @R14
    00000022 6403                   MOV         R0,R4
    00000024 2F02                   MOV.L       R0,@R15
         pages.c    15        s = strcon(s, int2str(*s2));
    00000026 54F1                   MOV.L       @(4,R15),R4
    00000028 D32C                   MOV.L       L440+10,R3 ; _int2str
    0000002A 430B                   JSR         @R3
    0000002C 6442                   MOV.L       @R4,R4
    0000002E 6503                   MOV         R0,R5
    00000030 4E0B                   JSR         @R14
    00000032 64F2                   MOV.L       @R15,R4
         pages.c    16        s = strcon(s, " ME");
    00000034 D52B                   MOV.L       L440+18,R5 ; L418
    00000036 4E0B                   JSR         @R14
    00000038 6403                   MOV         R0,R4
    0000003A 6603                   MOV         R0,R6
         pages.c    17        PrintXY(0, 0, s, 0);
    0000003C D32A                   MOV.L       L440+22,R3 ; _PrintXY
    0000003E E700                   MOV         #0,R7
    00000040 6573                   MOV         R7,R5
    00000042 6473                   MOV         R7,R4
    00000044 7F0C                   ADD         #12,R15




SH SERIES C/C++ Compiler (Ver. 6.0C)                                                                 19-May-2024 20:31:49  PAGE    2


SCT OFFSET   CODE       C LABEL     INSTRUCTION OPERAND    COMMENT

    00000046 4F26                   LDS.L       @R15+,PR
    00000048 432B                   JMP         @R3
    0000004A 6EF6                   MOV.L       @R15+,R14
         pages.c    18    }
         pages.c    19    void page_game_draw_word(char *w1, char *w2) {
    0000004C              _page_game_draw_word:            ; function: page_game_draw_word
                                                           ; frame size=4
    0000004C 2F46                   MOV.L       R4,@-R15
         pages.c    20        PrintLocated(ML_SCREEN_WIDTH / 2, ML_SCREEN_HEIGHT / 2, w1, 0);
    0000004E E700                   MOV         #0,R7
    00000050 D326                   MOV.L       L440+26,R3 ; _PrintLocated
    00000052 6643                   MOV         R4,R6
    00000054 E520                   MOV         #32,R5
    00000056 E440                   MOV         #64,R4
    00000058 432B                   JMP         @R3
    0000005A 7F04                   ADD         #4,R15
         pages.c    21    }
         pages.c    22    void page_game_turn(int *s1, int *s2) {
    0000005C              _page_game_turn:                 ; function: page_game_turn
                                                           ; frame size=24
    0000005C 2FE6                   MOV.L       R14,@-R15
    0000005E 4F22                   STS.L       PR,@-R15
         pages.c    23        char *w1 = calloc(SN_WORDS_LENGTH + 1, sizeof(char)), *w2 = calloc(SN_WORDS_LENGTH + 1, sizeof(char));
    00000060 D323                   MOV.L       L440+30,R3 ; _calloc
    00000062 7FF0                   ADD         #-16,R15
    00000064 1F41                   MOV.L       R4,@(4,R15)
    00000066 2F52                   MOV.L       R5,@R15
    00000068 E501                   MOV         #1,R5
    0000006A 430B                   JSR         @R3
    0000006C E407                   MOV         #7,R4
    0000006E E501                   MOV         #1,R5
    00000070 D31F                   MOV.L       L440+30,R3 ; _calloc
    00000072 1F03                   MOV.L       R0,@(12,R15)
    00000074 430B                   JSR         @R3
    00000076 E407                   MOV         #7,R4
    00000078 1F02                   MOV.L       R0,@(8,R15)
         pages.c    24        int file = Bfile_OpenFile(/*strcon(SN_WORDS_DIR, int2str(randint(1, SN_WORDS_COUNTS)))*/"\\\\fls0\\1.t
                         +xt", _OPENMODE_READ);
    0000007A D41E                   MOV.L       L440+34,R4 ; L430
    0000007C D31E                   MOV.L       L440+38,R3 ; _Bfile_OpenFile
    0000007E 430B                   JSR         @R3
    00000080 E501                   MOV         #1,R5
    00000082 6E03                   MOV         R0,R14
         pages.c    25        Bfile_ReadFile(file, w1, SN_WORDS_LENGTH, 0);
    00000084 55F3                   MOV.L       @(12,R15),R5
    00000086 E700                   MOV         #0,R7
    00000088 D31C                   MOV.L       L440+42,R3 ; _Bfile_ReadFile
    0000008A E606                   MOV         #6,R6
    0000008C 430B                   JSR         @R3
    0000008E 64E3                   MOV         R14,R4
         pages.c    26        Bfile_CloseFile(file);
    00000090 D21B                   MOV.L       L440+46,R2 ; _Bfile_CloseFile
    00000092 420B                   JSR         @R2
    00000094 64E3                   MOV         R14,R4
         pages.c    27    
         pages.c    28        ML_clear_vram();
    00000096 D31B                   MOV.L       L440+50,R3 ; _ML_clear_vram




SH SERIES C/C++ Compiler (Ver. 6.0C)                                                                 19-May-2024 20:31:49  PAGE    3


SCT OFFSET   CODE       C LABEL     INSTRUCTION OPERAND    COMMENT

    00000098 430B                   JSR         @R3
    0000009A 0009                   NOP
         pages.c    29        page_game_draw_scoreboard(s1, s2);
    0000009C 65F2                   MOV.L       @R15,R5
    0000009E BFAF                   BSR         _page_game_draw_scoreboard
    000000A0 54F1                   MOV.L       @(4,R15),R4
         pages.c    30        w1 = int2str(file);
    000000A2 D20E                   MOV.L       L440+10,R2 ; _int2str
    000000A4 420B                   JSR         @R2
    000000A6 64E3                   MOV         R14,R4
    000000A8 6403                   MOV         R0,R4
         pages.c    31        page_game_draw_word(w1, w2);
    000000AA BFCF                   BSR         _page_game_draw_word
    000000AC 55F2                   MOV.L       @(8,R15),R5
         pages.c    32        ML_display_vram();
    000000AE 7F10                   ADD         #16,R15
    000000B0 D215                   MOV.L       L440+54,R2 ; _ML_display_vram
    000000B2 4F26                   LDS.L       @R15+,PR
    000000B4 422B                   JMP         @R2
    000000B6 6EF6                   MOV.L       @R15+,R14
         pages.c    33    }
         pages.c    34    
         pages.c    35    extern void page_game_entry() {
    000000B8              _page_game_entry:                ; function: page_game_entry
                                                           ; frame size=12
    000000B8 4F22                   STS.L       PR,@-R15
         pages.c    36        int s1 = 0, s2 = 0, i = 0;
    000000BA E400                   MOV         #0,R4
    000000BC 7FF8                   ADD         #-8,R15
         pages.c    37    
         pages.c    38        // for (i = 0; i < SN_REGULAR_TURNS; i ++) {
         pages.c    39            page_game_turn(&s1, &s2);
    000000BE 65F3                   MOV         R15,R5
    000000C0 1F41                   MOV.L       R4,@(4,R15)
    000000C2 2F42                   MOV.L       R4,@R15
    000000C4 64F3                   MOV         R15,R4
    000000C6 BFC9                   BSR         _page_game_turn
    000000C8 7404                   ADD         #4,R4
         pages.c    40        // }
         pages.c    41    }
    000000CA 7F08                   ADD         #8,R15
    000000CC 4F26                   LDS.L       @R15+,PR
    000000CE 000B                   RTS
    000000D0 0009                   NOP
    000000D2              L440:                             
    000000D2 0000                   .DATA.W     0
    000000D4 <00000000>             .DATA.L     L416
    000000D8 <00000000>             .DATA.L     _strcon
    000000DC <00000000>             .DATA.L     _int2str
    000000E0 <00000000>             .DATA.L     L417
    000000E4 <00000000>             .DATA.L     L418
    000000E8 <00000000>             .DATA.L     _PrintXY
    000000EC <00000000>             .DATA.L     _PrintLocated
    000000F0 <00000000>             .DATA.L     _calloc
    000000F4 <00000000>             .DATA.L     L430
    000000F8 <00000000>             .DATA.L     _Bfile_OpenFile
    000000FC <00000000>             .DATA.L     _Bfile_ReadFile




SH SERIES C/C++ Compiler (Ver. 6.0C)                                                                 19-May-2024 20:31:49  PAGE    4


SCT OFFSET   CODE       C LABEL     INSTRUCTION OPERAND    COMMENT

    00000100 <00000000>             .DATA.L     _Bfile_CloseFile
    00000104 <00000000>             .DATA.L     _ML_clear_vram
    00000108 <00000000>             .DATA.L     _ML_display_vram
C   00000000              L416:
    00000000 534E20                 .SDATA      "SN "
    00000003 00                     .DATA.B     H'00
    00000004              L417:
    00000004 202D20                 .SDATA      " - "
    00000007 00                     .DATA.B     H'00
    00000008              L418:
    00000008 204D45                 .SDATA      " ME"
    0000000B 00                     .DATA.B     H'00
    0000000C              L430:
    0000000C 5C5C666C73             .SDATA      "\\fls0\1.txt"
             305C312E74   
             7874         
    00000018 00                     .DATA.B     H'00












































SH SERIES C/C++ Compiler (Ver. 6.0C)                                                                 19-May-2024 20:31:49  PAGE    1


******** STATISTICS INFORMATION ********


********** ERROR INFORMATION ***********

NUMBER OF ERRORS:           0
NUMBER OF WARNINGS:         2




******* SOURCE LINE INFORMATION ********

COMPILED SOURCE LINE:       41



******* SECTION SIZE INFORMATION *******

PROGRAM  SECTION (P):                               0000010C Byte(s)
CONSTANT SECTION (C):                               00000019 Byte(s)
DATA     SECTION (D):                               00000000 Byte(s)
BSS      SECTION (B):                               00000000 Byte(s)

 TOTAL PROGRAM SIZE: 00000125 Byte(s)



********** LABEL INFORMATION ***********

NUMBER OF EXTERNAL REFERENCE SYMBOLS:           10
NUMBER OF EXTERNAL DEFINITION SYMBOLS:           4
NUMBER OF INTERNAL/EXTERNAL SYMBOLS:            19






























*** COMMAND PARAMETER ***


  -subcommand=C:\Users\JWHÑó\AppData\Local\Temp\hmk7D88.tmp 

